{"D:\\Assiginment\\ComissionsCode\\CalculateComission.js": {"path":"D:\\Assiginment\\ComissionsCode\\CalculateComission.js","statementMap":{"0":{"start":{"line":4,"column":21},"end":{"line":4,"column":23}},"1":{"start":{"line":5,"column":22},"end":{"line":5,"column":24}},"2":{"start":{"line":6,"column":23},"end":{"line":6,"column":25}},"3":{"start":{"line":9,"column":21},"end":{"line":9,"column":23}},"4":{"start":{"line":10,"column":22},"end":{"line":10,"column":24}},"5":{"start":{"line":11,"column":23},"end":{"line":11,"column":25}},"6":{"start":{"line":14,"column":23},"end":{"line":14,"column":89}},"7":{"start":{"line":16,"column":4},"end":{"line":16,"column":40}},"8":{"start":{"line":19,"column":4},"end":{"line":21,"column":5}},"9":{"start":{"line":20,"column":8},"end":{"line":20,"column":57}},"10":{"start":{"line":25,"column":4},"end":{"line":31,"column":5}},"11":{"start":{"line":26,"column":8},"end":{"line":26,"column":29}},"12":{"start":{"line":27,"column":11},"end":{"line":31,"column":5}},"13":{"start":{"line":28,"column":8},"end":{"line":28,"column":30}},"14":{"start":{"line":30,"column":8},"end":{"line":30,"column":29}},"15":{"start":{"line":34,"column":21},"end":{"line":34,"column":48}},"16":{"start":{"line":37,"column":4},"end":{"line":37,"column":44}},"17":{"start":{"line":39,"column":4},"end":{"line":39,"column":35}},"18":{"start":{"line":41,"column":0},"end":{"line":41,"column":45}}},"fnMap":{"0":{"name":"calculateCommissionFunction","decl":{"start":{"line":2,"column":9},"end":{"line":2,"column":36}},"loc":{"start":{"line":2,"column":67},"end":{"line":40,"column":1}},"line":2}},"branchMap":{"0":{"loc":{"start":{"line":19,"column":4},"end":{"line":21,"column":5}},"type":"if","locations":[{"start":{"line":19,"column":4},"end":{"line":21,"column":5}},{"start":{},"end":{}}],"line":19},"1":{"loc":{"start":{"line":19,"column":8},"end":{"line":19,"column":76}},"type":"binary-expr","locations":[{"start":{"line":19,"column":8},"end":{"line":19,"column":26}},{"start":{"line":19,"column":30},"end":{"line":19,"column":50}},{"start":{"line":19,"column":54},"end":{"line":19,"column":76}}],"line":19},"2":{"loc":{"start":{"line":25,"column":4},"end":{"line":31,"column":5}},"type":"if","locations":[{"start":{"line":25,"column":4},"end":{"line":31,"column":5}},{"start":{"line":27,"column":11},"end":{"line":31,"column":5}}],"line":25},"3":{"loc":{"start":{"line":27,"column":11},"end":{"line":31,"column":5}},"type":"if","locations":[{"start":{"line":27,"column":11},"end":{"line":31,"column":5}},{"start":{"line":29,"column":11},"end":{"line":31,"column":5}}],"line":27}},"s":{"0":8,"1":8,"2":8,"3":8,"4":8,"5":8,"6":8,"7":8,"8":8,"9":1,"10":7,"11":1,"12":6,"13":1,"14":5,"15":7,"16":7,"17":7,"18":1},"f":{"0":8},"b":{"0":[1,7],"1":[8,1,1],"2":[1,6],"3":[1,5]},"_coverageSchema":"1a1c01bbd47fc00a2c39e90264f33305004495a9","hash":"290ca72c527762e72412091773e6a9a479c83728"}
}
